# JRE version: OpenJDK Runtime Environment (8.0_312-b07) (build 1.8.0_312-8u312-b07-0ubuntu1~20.04-b07)
# Java VM: OpenJDK 64-Bit Server VM (25.312-b07 mixed mode linux-amd64 compressed oops)
Heap:
 PSYoungGen      total 162816K, used 153088K [0x00000000f5580000, 0x0000000100000000, 0x0000000100000000)
  eden space 153088K, 100% used [0x00000000f5580000,0x00000000feb00000,0x00000000feb00000)
  from space 9728K, 0% used [0x00000000feb00000,0x00000000feb00000,0x00000000ff480000)
  to   space 11776K, 40% used [0x00000000ff480000,0x00000000ff920030,0x0000000100000000)
 ParOldGen       total 175104K, used 15983K [0x00000000e0000000, 0x00000000eab00000, 0x00000000f5580000)
  object space 175104K, 9% used [0x00000000e0000000,0x00000000e0f9be08,0x00000000eab00000)
 Metaspace       used 40065K, capacity 42162K, committed 42240K, reserved 1085440K
  class space    used 5647K, capacity 6093K, committed 6144K, reserved 1048576K
GC Heap History (10 events):
Event: 1.316 GC heap after
Heap after GC invocations=3 (full 0):
 PSYoungGen      total 141824K, used 10732K [0x00000000f5580000, 0x0000000100000000, 0x0000000100000000)
  eden space 131072K, 0% used [0x00000000f5580000,0x00000000f5580000,0x00000000fd580000)
  from space 10752K, 99% used [0x00000000fd580000,0x00000000fdffb2f8,0x00000000fe000000)
  to   space 10752K, 0% used [0x00000000ff580000,0x00000000ff580000,0x0000000100000000)
 ParOldGen       total 175104K, used 3113K [0x00000000e0000000, 0x00000000eab00000, 0x00000000f5580000)
  object space 175104K, 1% used [0x00000000e0000000,0x00000000e030a608,0x00000000eab00000)
 Metaspace       used 20436K, capacity 21222K, committed 21296K, reserved 1067008K
  class space    used 2994K, capacity 3171K, committed 3200K, reserved 1048576K
}
Event: 1.316 GC heap before
{Heap before GC invocations=4 (full 1):
 PSYoungGen      total 141824K, used 10732K [0x00000000f5580000, 0x0000000100000000, 0x0000000100000000)
  eden space 131072K, 0% used [0x00000000f5580000,0x00000000f5580000,0x00000000fd580000)
  from space 10752K, 99% used [0x00000000fd580000,0x00000000fdffb2f8,0x00000000fe000000)
  to   space 10752K, 0% used [0x00000000ff580000,0x00000000ff580000,0x0000000100000000)
 ParOldGen       total 175104K, used 3113K [0x00000000e0000000, 0x00000000eab00000, 0x00000000f5580000)
  object space 175104K, 1% used [0x00000000e0000000,0x00000000e030a608,0x00000000eab00000)
 Metaspace       used 20436K, capacity 21222K, committed 21296K, reserved 1067008K
  class space    used 2994K, capacity 3171K, committed 3200K, reserved 1048576K
Event: 1.343 GC heap after
Heap after GC invocations=4 (full 1):
 PSYoungGen      total 141824K, used 0K [0x00000000f5580000, 0x0000000100000000, 0x0000000100000000)
  eden space 131072K, 0% used [0x00000000f5580000,0x00000000f5580000,0x00000000fd580000)
  from space 10752K, 0% used [0x00000000fd580000,0x00000000fd580000,0x00000000fe000000)
  to   space 10752K, 0% used [0x00000000ff580000,0x00000000ff580000,0x0000000100000000)
 ParOldGen       total 175104K, used 13233K [0x00000000e0000000, 0x00000000eab00000, 0x00000000f5580000)
  object space 175104K, 7% used [0x00000000e0000000,0x00000000e0cec5c0,0x00000000eab00000)
 Metaspace       used 20436K, capacity 21222K, committed 21296K, reserved 1067008K
  class space    used 2994K, capacity 3171K, committed 3200K, reserved 1048576K
}
Event: 2.141 GC heap before
{Heap before GC invocations=5 (full 1):
 PSYoungGen      total 141824K, used 131072K [0x00000000f5580000, 0x0000000100000000, 0x0000000100000000)
  eden space 131072K, 100% used [0x00000000f5580000,0x00000000fd580000,0x00000000fd580000)
  from space 10752K, 0% used [0x00000000fd580000,0x00000000fd580000,0x00000000fe000000)
  to   space 10752K, 0% used [0x00000000ff580000,0x00000000ff580000,0x0000000100000000)
 ParOldGen       total 175104K, used 13233K [0x00000000e0000000, 0x00000000eab00000, 0x00000000f5580000)
  object space 175104K, 7% used [0x00000000e0000000,0x00000000e0cec5c0,0x00000000eab00000)
 Metaspace       used 31541K, capacity 32806K, committed 33024K, reserved 1077248K
  class space    used 4480K, capacity 4790K, committed 4864K, reserved 1048576K
Event: 2.149 GC heap after
Heap after GC invocations=5 (full 1):
 PSYoungGen      total 163840K, used 10726K [0x00000000f5580000, 0x0000000100000000, 0x0000000100000000)
  eden space 153088K, 0% used [0x00000000f5580000,0x00000000f5580000,0x00000000feb00000)
  from space 10752K, 99% used [0x00000000ff580000,0x00000000ffff9a28,0x0000000100000000)
  to   space 10752K, 0% used [0x00000000feb00000,0x00000000feb00000,0x00000000ff580000)
 ParOldGen       total 175104K, used 14777K [0x00000000e0000000, 0x00000000eab00000, 0x00000000f5580000)
  object space 175104K, 8% used [0x00000000e0000000,0x00000000e0e6e5c8,0x00000000eab00000)
 Metaspace       used 31541K, capacity 32806K, committed 33024K, reserved 1077248K
  class space    used 4480K, capacity 4790K, committed 4864K, reserved 1048576K
}
Event: 23.614 GC heap before
{Heap before GC invocations=6 (full 1):
 PSYoungGen      total 163840K, used 59282K [0x00000000f5580000, 0x0000000100000000, 0x0000000100000000)
  eden space 153088K, 31% used [0x00000000f5580000,0x00000000f84eaed8,0x00000000feb00000)
  from space 10752K, 99% used [0x00000000ff580000,0x00000000ffff9a28,0x0000000100000000)
  to   space 10752K, 0% used [0x00000000feb00000,0x00000000feb00000,0x00000000ff580000)
 ParOldGen       total 175104K, used 14777K [0x00000000e0000000, 0x00000000eab00000, 0x00000000f5580000)
  object space 175104K, 8% used [0x00000000e0000000,0x00000000e0e6e5c8,0x00000000eab00000)
 Metaspace       used 33638K, capacity 35292K, committed 35456K, reserved 1079296K
  class space    used 4755K, capacity 5141K, committed 5248K, reserved 1048576K
Event: 23.623 GC heap after
Heap after GC invocations=6 (full 1):
 PSYoungGen      total 162816K, used 9270K [0x00000000f5580000, 0x0000000100000000, 0x0000000100000000)
  eden space 153088K, 0% used [0x00000000f5580000,0x00000000f5580000,0x00000000feb00000)
  from space 9728K, 95% used [0x00000000feb00000,0x00000000ff40d888,0x00000000ff480000)
  to   space 11776K, 0% used [0x00000000ff480000,0x00000000ff480000,0x0000000100000000)
 ParOldGen       total 175104K, used 14785K [0x00000000e0000000, 0x00000000eab00000, 0x00000000f5580000)
  object space 175104K, 8% used [0x00000000e0000000,0x00000000e0e705c8,0x00000000eab00000)
 Metaspace       used 33638K, capacity 35292K, committed 35456K, reserved 1079296K
  class space    used 4755K, capacity 5141K, committed 5248K, reserved 1048576K
}
Event: 23.623 GC heap before
{Heap before GC invocations=7 (full 2):
 PSYoungGen      total 162816K, used 9270K [0x00000000f5580000, 0x0000000100000000, 0x0000000100000000)
  eden space 153088K, 0% used [0x00000000f5580000,0x00000000f5580000,0x00000000feb00000)
  from space 9728K, 95% used [0x00000000feb00000,0x00000000ff40d888,0x00000000ff480000)
  to   space 11776K, 0% used [0x00000000ff480000,0x00000000ff480000,0x0000000100000000)
 ParOldGen       total 175104K, used 14785K [0x00000000e0000000, 0x00000000eab00000, 0x00000000f5580000)
  object space 175104K, 8% used [0x00000000e0000000,0x00000000e0e705c8,0x00000000eab00000)
 Metaspace       used 33638K, capacity 35292K, committed 35456K, reserved 1079296K
  class space    used 4755K, capacity 5141K, committed 5248K, reserved 1048576K
Event: 23.679 GC heap after
Heap after GC invocations=7 (full 2):
 PSYoungGen      total 162816K, used 0K [0x00000000f5580000, 0x0000000100000000, 0x0000000100000000)
  eden space 153088K, 0% used [0x00000000f5580000,0x00000000f5580000,0x00000000feb00000)
  from space 9728K, 0% used [0x00000000feb00000,0x00000000feb00000,0x00000000ff480000)
  to   space 11776K, 0% used [0x00000000ff480000,0x00000000ff480000,0x0000000100000000)
 ParOldGen       total 175104K, used 15975K [0x00000000e0000000, 0x00000000eab00000, 0x00000000f5580000)
  object space 175104K, 9% used [0x00000000e0000000,0x00000000e0f99e08,0x00000000eab00000)
 Metaspace       used 33638K, capacity 35292K, committed 35456K, reserved 1079296K
  class space    used 4755K, capacity 5141K, committed 5248K, reserved 1048576K
}
Event: 24.383 GC heap before
{Heap before GC invocations=8 (full 2):
 PSYoungGen      total 162816K, used 153088K [0x00000000f5580000, 0x0000000100000000, 0x0000000100000000)
  eden space 153088K, 100% used [0x00000000f5580000,0x00000000feb00000,0x00000000feb00000)
  from space 9728K, 0% used [0x00000000feb00000,0x00000000feb00000,0x00000000ff480000)
  to   space 11776K, 0% used [0x00000000ff480000,0x00000000ff480000,0x0000000100000000)
 ParOldGen       total 175104K, used 15975K [0x00000000e0000000, 0x00000000eab00000, 0x00000000f5580000)
  object space 175104K, 9% used [0x00000000e0000000,0x00000000e0f99e08,0x00000000eab00000)
 Metaspace       used 40065K, capacity 42162K, committed 42240K, reserved 1085440K
  class space    used 5647K, capacity 6093K, committed 6144K, reserved 1048576K

