# JRE version: OpenJDK Runtime Environment (8.0_312-b07) (build 1.8.0_312-8u312-b07-0ubuntu1~20.04-b07)
# Java VM: OpenJDK 64-Bit Server VM (25.312-b07 mixed mode linux-amd64 compressed oops)
Heap:
 PSYoungGen      total 118784K, used 40530K [0x00000000f5580000, 0x00000000ff780000, 0x0000000100000000)
  eden space 76800K, 31% used [0x00000000f5580000,0x00000000f6d4cc50,0x00000000fa080000)
  from space 41984K, 38% used [0x00000000fce80000,0x00000000fde47ef0,0x00000000ff780000)
  to   space 44544K, 0% used [0x00000000fa080000,0x00000000fa080000,0x00000000fcc00000)
 ParOldGen       total 349696K, used 131174K [0x00000000e0000000, 0x00000000f5580000, 0x00000000f5580000)
  object space 349696K, 37% used [0x00000000e0000000,0x00000000e8019838,0x00000000f5580000)
 Metaspace       used 111496K, capacity 119350K, committed 119576K, reserved 1153024K
  class space    used 15415K, capacity 16897K, committed 16920K, reserved 1048576K
GC Heap History (10 events):
Event: 19.428 GC heap before
{Heap before GC invocations=28 (full 4):
 PSYoungGen      total 115200K, used 69009K [0x00000000f5580000, 0x00000000ffe80000, 0x0000000100000000)
  eden space 58880K, 100% used [0x00000000f5580000,0x00000000f8f00000,0x00000000f8f00000)
  from space 56320K, 17% used [0x00000000f8f00000,0x00000000f98e46a8,0x00000000fc600000)
  to   space 54784K, 0% used [0x00000000fc900000,0x00000000fc900000,0x00000000ffe80000)
 ParOldGen       total 349696K, used 120609K [0x00000000e0000000, 0x00000000f5580000, 0x00000000f5580000)
  object space 349696K, 34% used [0x00000000e0000000,0x00000000e75c85d0,0x00000000f5580000)
 Metaspace       used 103769K, capacity 111274K, committed 111384K, reserved 1144832K
  class space    used 14419K, capacity 15873K, committed 15896K, reserved 1048576K
Event: 19.434 GC heap after
Heap after GC invocations=28 (full 4):
 PSYoungGen      total 116224K, used 5839K [0x00000000f5580000, 0x00000000ffc80000, 0x0000000100000000)
  eden space 63488K, 0% used [0x00000000f5580000,0x00000000f5580000,0x00000000f9380000)
  from space 52736K, 11% used [0x00000000fc900000,0x00000000fceb3c00,0x00000000ffc80000)
  to   space 53760K, 0% used [0x00000000f9380000,0x00000000f9380000,0x00000000fc800000)
 ParOldGen       total 349696K, used 123961K [0x00000000e0000000, 0x00000000f5580000, 0x00000000f5580000)
  object space 349696K, 35% used [0x00000000e0000000,0x00000000e790e710,0x00000000f5580000)
 Metaspace       used 103769K, capacity 111274K, committed 111384K, reserved 1144832K
  class space    used 14419K, capacity 15873K, committed 15896K, reserved 1048576K
}
Event: 19.688 GC heap before
{Heap before GC invocations=29 (full 4):
 PSYoungGen      total 116224K, used 69324K [0x00000000f5580000, 0x00000000ffc80000, 0x0000000100000000)
  eden space 63488K, 99% used [0x00000000f5580000,0x00000000f937f7f8,0x00000000f9380000)
  from space 52736K, 11% used [0x00000000fc900000,0x00000000fceb3c00,0x00000000ffc80000)
  to   space 53760K, 0% used [0x00000000f9380000,0x00000000f9380000,0x00000000fc800000)
 ParOldGen       total 349696K, used 123961K [0x00000000e0000000, 0x00000000f5580000, 0x00000000f5580000)
  object space 349696K, 35% used [0x00000000e0000000,0x00000000e790e710,0x00000000f5580000)
 Metaspace       used 105199K, capacity 112664K, committed 112792K, reserved 1146880K
  class space    used 14582K, capacity 16008K, committed 16024K, reserved 1048576K
Event: 19.701 GC heap after
Heap after GC invocations=29 (full 4):
 PSYoungGen      total 117248K, used 10596K [0x00000000f5580000, 0x00000000ffd00000, 0x0000000100000000)
  eden space 63488K, 0% used [0x00000000f5580000,0x00000000f5580000,0x00000000f9380000)
  from space 53760K, 19% used [0x00000000f9380000,0x00000000f9dd9068,0x00000000fc800000)
  to   space 51712K, 0% used [0x00000000fca80000,0x00000000fca80000,0x00000000ffd00000)
 ParOldGen       total 349696K, used 126341K [0x00000000e0000000, 0x00000000f5580000, 0x00000000f5580000)
  object space 349696K, 36% used [0x00000000e0000000,0x00000000e7b61780,0x00000000f5580000)
 Metaspace       used 105199K, capacity 112664K, committed 112792K, reserved 1146880K
  class space    used 14582K, capacity 16008K, committed 16024K, reserved 1048576K
}
Event: 20.030 GC heap before
{Heap before GC invocations=30 (full 4):
 PSYoungGen      total 117248K, used 74084K [0x00000000f5580000, 0x00000000ffd00000, 0x0000000100000000)
  eden space 63488K, 100% used [0x00000000f5580000,0x00000000f9380000,0x00000000f9380000)
  from space 53760K, 19% used [0x00000000f9380000,0x00000000f9dd9068,0x00000000fc800000)
  to   space 51712K, 0% used [0x00000000fca80000,0x00000000fca80000,0x00000000ffd00000)
 ParOldGen       total 349696K, used 126341K [0x00000000e0000000, 0x00000000f5580000, 0x00000000f5580000)
  object space 349696K, 36% used [0x00000000e0000000,0x00000000e7b61780,0x00000000f5580000)
 Metaspace       used 107640K, capacity 115200K, committed 115480K, reserved 1148928K
  class space    used 14869K, capacity 16308K, committed 16408K, reserved 1048576K
Event: 20.038 GC heap after
Heap after GC invocations=30 (full 4):
 PSYoungGen      total 117760K, used 10395K [0x00000000f5580000, 0x00000000ffa00000, 0x0000000100000000)
  eden space 69120K, 0% used [0x00000000f5580000,0x00000000f5580000,0x00000000f9900000)
  from space 48640K, 21% used [0x00000000fca80000,0x00000000fd4a6c68,0x00000000ffa00000)
  to   space 49664K, 0% used [0x00000000f9900000,0x00000000f9900000,0x00000000fc980000)
 ParOldGen       total 349696K, used 127157K [0x00000000e0000000, 0x00000000f5580000, 0x00000000f5580000)
  object space 349696K, 36% used [0x00000000e0000000,0x00000000e7c2d780,0x00000000f5580000)
 Metaspace       used 107640K, capacity 115200K, committed 115480K, reserved 1148928K
  class space    used 14869K, capacity 16308K, committed 16408K, reserved 1048576K
}
Event: 37.731 GC heap before
{Heap before GC invocations=31 (full 4):
 PSYoungGen      total 117760K, used 79515K [0x00000000f5580000, 0x00000000ffa00000, 0x0000000100000000)
  eden space 69120K, 100% used [0x00000000f5580000,0x00000000f9900000,0x00000000f9900000)
  from space 48640K, 21% used [0x00000000fca80000,0x00000000fd4a6c68,0x00000000ffa00000)
  to   space 49664K, 0% used [0x00000000f9900000,0x00000000f9900000,0x00000000fc980000)
 ParOldGen       total 349696K, used 127157K [0x00000000e0000000, 0x00000000f5580000, 0x00000000f5580000)
  object space 349696K, 36% used [0x00000000e0000000,0x00000000e7c2d780,0x00000000f5580000)
 Metaspace       used 109880K, capacity 117566K, committed 117784K, reserved 1150976K
  class space    used 15195K, capacity 16651K, committed 16664K, reserved 1048576K
Event: 37.741 GC heap after
Heap after GC invocations=31 (full 4):
 PSYoungGen      total 118784K, used 9794K [0x00000000f5580000, 0x00000000ffd00000, 0x0000000100000000)
  eden space 69120K, 0% used [0x00000000f5580000,0x00000000f5580000,0x00000000f9900000)
  from space 49664K, 19% used [0x00000000f9900000,0x00000000fa290af0,0x00000000fc980000)
  to   space 47616K, 0% used [0x00000000fce80000,0x00000000fce80000,0x00000000ffd00000)
 ParOldGen       total 349696K, used 131166K [0x00000000e0000000, 0x00000000f5580000, 0x00000000f5580000)
  object space 349696K, 37% used [0x00000000e0000000,0x00000000e8017838,0x00000000f5580000)
 Metaspace       used 109880K, capacity 117566K, committed 117784K, reserved 1150976K
  class space    used 15195K, capacity 16651K, committed 16664K, reserved 1048576K
}
Event: 56.411 GC heap before
{Heap before GC invocations=32 (full 4):
 PSYoungGen      total 118784K, used 78914K [0x00000000f5580000, 0x00000000ffd00000, 0x0000000100000000)
  eden space 69120K, 100% used [0x00000000f5580000,0x00000000f9900000,0x00000000f9900000)
  from space 49664K, 19% used [0x00000000f9900000,0x00000000fa290af0,0x00000000fc980000)
  to   space 47616K, 0% used [0x00000000fce80000,0x00000000fce80000,0x00000000ffd00000)
 ParOldGen       total 349696K, used 131166K [0x00000000e0000000, 0x00000000f5580000, 0x00000000f5580000)
  object space 349696K, 37% used [0x00000000e0000000,0x00000000e8017838,0x00000000f5580000)
 Metaspace       used 111403K, capacity 119270K, committed 119320K, reserved 1150976K
  class space    used 15407K, capacity 16893K, committed 16920K, reserved 1048576K
Event: 56.425 GC heap after
Heap after GC invocations=32 (full 4):
 PSYoungGen      total 118784K, used 16159K [0x00000000f5580000, 0x00000000ff780000, 0x0000000100000000)
  eden space 76800K, 0% used [0x00000000f5580000,0x00000000f5580000,0x00000000fa080000)
  from space 41984K, 38% used [0x00000000fce80000,0x00000000fde47ef0,0x00000000ff780000)
  to   space 44544K, 0% used [0x00000000fa080000,0x00000000fa080000,0x00000000fcc00000)
 ParOldGen       total 349696K, used 131174K [0x00000000e0000000, 0x00000000f5580000, 0x00000000f5580000)
  object space 349696K, 37% used [0x00000000e0000000,0x00000000e8019838,0x00000000f5580000)
 Metaspace       used 111403K, capacity 119270K, committed 119320K, reserved 1150976K
  class space    used 15407K, capacity 16893K, committed 16920K, reserved 1048576K
}

